Base path: /Applications/Unity/Unity.app/Contents
Pipe name: \\.\pipe\UnityShaderCompiler-64bit-1-2084754280
Cmd: getPlatforms
Cmd: compileSnippet
  api=0 type=0 insize=9591 outsize=6366 kw=UNITY_COLORSPACE_GAMMA ok=1
Cmd: compileSnippet
  api=0 type=1 insize=9591 outsize=6 kw=UNITY_COLORSPACE_GAMMA ok=1
Cmd: preprocess
  insize=219 outsize=219 ok=1
Cmd: preprocess
  insize=2317 outsize=849 ok=1
Cmd: compileSnippet
  api=0 type=0 insize=1770 outsize=1321 kw= ok=1
Cmd: compileSnippet
  api=0 type=1 insize=1770 outsize=6 kw= ok=1
Cmd: preprocess
  insize=1571 outsize=492 ok=1
Cmd: compileSnippet
  api=0 type=0 insize=1381 outsize=1091 kw= ok=1
Cmd: compileSnippet
  api=0 type=1 insize=1381 outsize=6 kw= ok=1
Cmd: preprocess
  insize=2330 outsize=478 ok=1
Cmd: compileSnippet
  api=0 type=0 insize=2154 outsize=1789 kw= ok=1
Cmd: compileSnippet
  api=0 type=1 insize=2154 outsize=6 kw= ok=1
Cmd: preprocess
  insize=1964 outsize=478 ok=1
Cmd: compileSnippet
  api=0 type=0 insize=1788 outsize=1307 kw= ok=1
Cmd: compileSnippet
  api=0 type=1 insize=1788 outsize=6 kw= ok=1
Cmd: preprocess
  insize=480 outsize=480 ok=1
Cmd: preprocess
  insize=2450 outsize=535 ok=1
Cmd: compileSnippet
  api=0 type=0 insize=2219 outsize=1889 kw= ok=1
Cmd: compileSnippet
  api=0 type=1 insize=2219 outsize=6 kw= ok=1
Cmd: preprocess
  insize=2083 outsize=533 ok=1
Cmd: compileSnippet
  api=0 type=0 insize=1852 outsize=1391 kw= ok=1
Cmd: compileSnippet
  api=0 type=1 insize=1852 outsize=6 kw= ok=1
Cmd: preprocess
  insize=1404 outsize=609 ok=1
Cmd: compileSnippet
  api=0 type=0 insize=1097 outsize=776 kw= ok=1
Cmd: compileSnippet
  api=0 type=1 insize=1097 outsize=6 kw= ok=1
Cmd: preprocess
  insize=1452 outsize=830 ok=1
Cmd: compileSnippet
  api=0 type=0 insize=924 outsize=482 kw= ok=1
Cmd: compileSnippet
  api=0 type=1 insize=924 outsize=6 kw= ok=1
Cmd: preprocess
  insize=1503 outsize=625 ok=1
Cmd: compileSnippet
  api=0 type=0 insize=1179 outsize=857 kw= ok=1
Cmd: compileSnippet
  api=0 type=1 insize=1179 outsize=6 kw= ok=1
Cmd: preprocess
  insize=2684 outsize=849 ok=1
Cmd: compileSnippet
  api=0 type=0 insize=2137 outsize=1803 kw= ok=1
Cmd: compileSnippet
  api=0 type=1 insize=2137 outsize=6 kw= ok=1
Cmd: preprocess
  insize=1560 outsize=533 ok=1
Cmd: compileSnippet
  api=0 type=0 insize=1329 outsize=918 kw= ok=1
Cmd: compileSnippet
  api=0 type=1 insize=1329 outsize=6 kw= ok=1
Cmd: preprocess
  insize=1428 outsize=478 ok=1
Cmd: compileSnippet
  api=0 type=0 insize=1252 outsize=815 kw= ok=1
Cmd: compileSnippet
  api=0 type=1 insize=1252 outsize=6 kw= ok=1
Cmd: preprocess
  insize=3042 outsize=2110 ok=1
Cmd: compileSnippet
  api=0 type=0 insize=7936 outsize=4017 kw=DIRECTIONAL SHADOWS_OFF LIGHTMAP_OFF DIRLIGHTMAP_OFF DYNAMICLIGHTMAP_OFF ok=1
Cmd: compileSnippet
  api=0 type=1 insize=7936 outsize=6 kw=DIRECTIONAL SHADOWS_OFF LIGHTMAP_OFF DIRLIGHTMAP_OFF DYNAMICLIGHTMAP_OFF ok=1
Cmd: compileSnippet
  api=0 type=0 insize=5239 outsize=3351 kw=POINT ok=1
Cmd: compileSnippet
  api=0 type=1 insize=5239 outsize=6 kw=POINT ok=1
Cmd: compileSnippet
  api=0 type=0 insize=4540 outsize=3664 kw= ok=1
Cmd: compileSnippet
  api=0 type=1 insize=4540 outsize=6 kw= ok=1
Cmd: compileSnippet
  api=0 type=0 insize=7650 outsize=2737 kw=DIRECTIONAL SHADOWS_OFF LIGHTMAP_OFF DIRLIGHTMAP_OFF DYNAMICLIGHTMAP_OFF ok=1
Cmd: compileSnippet
  api=0 type=1 insize=7650 outsize=6 kw=DIRECTIONAL SHADOWS_OFF LIGHTMAP_OFF DIRLIGHTMAP_OFF DYNAMICLIGHTMAP_OFF ok=1
Cmd: compileSnippet
  api=0 type=0 insize=4344 outsize=2200 kw=POINT ok=1
Cmd: compileSnippet
  api=0 type=1 insize=4344 outsize=6 kw=POINT ok=1
Cmd: compileSnippet
  api=0 type=0 insize=3684 outsize=2261 kw= ok=1
Cmd: compileSnippet
  api=0 type=1 insize=3684 outsize=6 kw= ok=1
Cmd: preprocess
  insize=1784 outsize=847 ok=1
Cmd: compileSnippet
  api=0 type=0 insize=1237 outsize=831 kw= ok=1
Cmd: compileSnippet
  api=0 type=1 insize=1237 outsize=6 kw= ok=1
Cmd: preprocess
  insize=2474 outsize=494 ok=1
Cmd: compileSnippet
  api=0 type=0 insize=2284 outsize=2063 kw= ok=1
Cmd: compileSnippet
  api=0 type=1 insize=2284 outsize=6 kw= ok=1
Cmd: preprocess
  insize=435 outsize=435 ok=1
Cmd: preprocess
  insize=1465 outsize=506 ok=1
Cmd: compileSnippet
  api=0 type=0 insize=1260 outsize=1028 kw= ok=1
Cmd: compileSnippet
  api=0 type=1 insize=1260 outsize=6 kw= ok=1
Cmd: preprocess
  insize=1414 outsize=840 ok=1
Cmd: compileSnippet
  api=0 type=0 insize=876 outsize=416 kw= ok=1
Cmd: compileSnippet
  api=0 type=1 insize=876 outsize=6 kw= ok=1
Cmd: preprocess
  insize=5950 outsize=3818 ok=1
Cmd: compileSnippet
  api=0 type=0 insize=9434 outsize=4999 kw=DIRECTIONAL LIGHTMAP_OFF DIRLIGHTMAP_OFF DYNAMICLIGHTMAP_OFF ok=1
Cmd: compileSnippet
  api=0 type=1 insize=9434 outsize=6 kw=DIRECTIONAL LIGHTMAP_OFF DIRLIGHTMAP_OFF DYNAMICLIGHTMAP_OFF ok=1
Cmd: compileSnippet
  api=0 type=0 insize=6625 outsize=4250 kw=POINT ok=1
Cmd: compileSnippet
  api=0 type=1 insize=6625 outsize=6 kw=POINT ok=1
Cmd: compileSnippet
  api=0 type=0 insize=6041 outsize=4762 kw= ok=1
Cmd: compileSnippet
  api=0 type=1 insize=6041 outsize=6 kw= ok=1
Cmd: compileSnippet
  api=0 type=0 insize=8272 outsize=4455 kw=DIRECTIONAL LIGHTMAP_OFF DIRLIGHTMAP_OFF DYNAMICLIGHTMAP_OFF ok=1
Cmd: compileSnippet
  api=0 type=1 insize=8272 outsize=6 kw=DIRECTIONAL LIGHTMAP_OFF DIRLIGHTMAP_OFF DYNAMICLIGHTMAP_OFF ok=1
Cmd: compileSnippet
  api=0 type=0 insize=5550 outsize=3707 kw=POINT ok=1
Cmd: compileSnippet
  api=0 type=1 insize=5550 outsize=6 kw=POINT ok=1
Cmd: compileSnippet
  api=0 type=0 insize=4966 outsize=3955 kw= ok=1
Cmd: compileSnippet
  api=0 type=1 insize=4966 outsize=6 kw= ok=1
Cmd: compileSnippet
  api=0 type=0 insize=7321 outsize=2527 kw=DIRECTIONAL LIGHTMAP_OFF DIRLIGHTMAP_OFF DYNAMICLIGHTMAP_OFF ok=1
Cmd: compileSnippet
  api=0 type=1 insize=7321 outsize=6 kw=DIRECTIONAL LIGHTMAP_OFF DIRLIGHTMAP_OFF DYNAMICLIGHTMAP_OFF ok=1
Cmd: compileSnippet
  api=0 type=0 insize=4091 outsize=2050 kw=POINT ok=1
Cmd: compileSnippet
  api=0 type=1 insize=4091 outsize=6 kw=POINT ok=1
Cmd: compileSnippet
  api=0 type=0 insize=3438 outsize=2659 kw= ok=1
Cmd: compileSnippet
  api=0 type=1 insize=3438 outsize=6 kw= ok=1
Cmd: preprocess
  insize=1464 outsize=884 ok=1
Cmd: compileSnippet
  api=0 type=0 insize=882 outsize=416 kw= ok=1
Cmd: compileSnippet
  api=0 type=1 insize=882 outsize=6 kw= ok=1
Cmd: preprocess
  insize=2361 outsize=2709 ok=1
Cmd: compileSnippet
  api=0 type=0 insize=8041 outsize=4146 kw=DIRECTIONAL SHADOWS_OFF LIGHTMAP_OFF DIRLIGHTMAP_OFF DYNAMICLIGHTMAP_OFF ok=1
Cmd: compileSnippet
  api=0 type=1 insize=8041 outsize=6 kw=DIRECTIONAL SHADOWS_OFF LIGHTMAP_OFF DIRLIGHTMAP_OFF DYNAMICLIGHTMAP_OFF ok=1
Cmd: compileSnippet
  api=0 type=0 insize=5344 outsize=3452 kw=POINT ok=1
Cmd: compileSnippet
  api=0 type=1 insize=5344 outsize=6 kw=POINT ok=1
Cmd: compileSnippet
  api=0 type=0 insize=4645 outsize=3698 kw= ok=1
Cmd: compileSnippet
  api=0 type=1 insize=4645 outsize=6 kw= ok=1
Cmd: compileSnippet
  api=0 type=0 insize=6896 outsize=2359 kw=DIRECTIONAL SHADOWS_OFF LIGHTMAP_OFF DIRLIGHTMAP_OFF DYNAMICLIGHTMAP_OFF ok=1
Cmd: compileSnippet
  api=0 type=1 insize=6896 outsize=6 kw=DIRECTIONAL SHADOWS_OFF LIGHTMAP_OFF DIRLIGHTMAP_OFF DYNAMICLIGHTMAP_OFF ok=1
Cmd: compileSnippet
  api=0 type=0 insize=3733 outsize=1851 kw=POINT ok=1
Cmd: compileSnippet
  api=0 type=1 insize=3733 outsize=6 kw=POINT ok=1
Cmd: compileSnippet
  api=0 type=0 insize=2891 outsize=965 kw= ok=1
Cmd: compileSnippet
  api=0 type=1 insize=2891 outsize=6 kw= ok=1
Cmd: compileSnippet
  api=0 type=0 insize=6061 outsize=2756 kw=LIGHTMAP_OFF DIRLIGHTMAP_OFF DYNAMICLIGHTMAP_OFF HDR_LIGHT_PREPASS_OFF ok=1
Cmd: compileSnippet
  api=0 type=1 insize=6061 outsize=6 kw=LIGHTMAP_OFF DIRLIGHTMAP_OFF DYNAMICLIGHTMAP_OFF HDR_LIGHT_PREPASS_OFF ok=1
Cmd: compileSnippet
  api=0 type=0 insize=6014 outsize=2706 kw=LIGHTMAP_OFF DIRLIGHTMAP_OFF DYNAMICLIGHTMAP_OFF HDR_LIGHT_PREPASS_OFF ok=1
Cmd: compileSnippet
  api=0 type=1 insize=6014 outsize=6 kw=LIGHTMAP_OFF DIRLIGHTMAP_OFF DYNAMICLIGHTMAP_OFF HDR_LIGHT_PREPASS_OFF ok=1
Cmd: compileSnippet
  api=0 type=0 insize=3082 outsize=2402 kw= ok=1
Cmd: compileSnippet
  api=0 type=1 insize=3082 outsize=6 kw= ok=1
Cmd: preprocess
  insize=1287 outsize=490 ok=1
Cmd: compileSnippet
  api=0 type=0 insize=1099 outsize=739 kw= ok=1
Cmd: compileSnippet
  api=0 type=1 insize=1099 outsize=6 kw= ok=1
Cmd: preprocess
  insize=1232 outsize=482 ok=1
Cmd: compileSnippet
  api=0 type=0 insize=1051 outsize=758 kw= ok=1
Cmd: compileSnippet
  api=0 type=1 insize=1051 outsize=6 kw= ok=1
Cmd: preprocess
  insize=2107 outsize=491 ok=1
Cmd: compileSnippet
  api=0 type=0 insize=1917 outsize=1581 kw= ok=1
Cmd: compileSnippet
  api=0 type=1 insize=1917 outsize=6 kw= ok=1
Cmd: preprocess
  insize=1668 outsize=929 ok=1
Cmd: compileSnippet
  api=0 type=0 insize=1041 outsize=665 kw= ok=1
Cmd: compileSnippet
  api=0 type=1 insize=1041 outsize=6 kw= ok=1
Cmd: compileSnippet
  api=0 type=0 insize=541 outsize=1880 kw=SHADOWS_DEPTH ok=1
Cmd: compileSnippet
  api=0 type=1 insize=541 outsize=6 kw=SHADOWS_DEPTH ok=1
Cmd: compileSnippet
  api=0 type=0 insize=6810 outsize=2287 kw=DIRECTIONAL SHADOWS_OFF LIGHTMAP_OFF DIRLIGHTMAP_OFF DYNAMICLIGHTMAP_OFF ok=1
Cmd: compileSnippet
  api=0 type=1 insize=6810 outsize=6 kw=DIRECTIONAL SHADOWS_OFF LIGHTMAP_OFF DIRLIGHTMAP_OFF DYNAMICLIGHTMAP_OFF ok=1
Cmd: compileSnippet
  api=0 type=0 insize=3647 outsize=1476 kw=DIRECTIONAL ok=1
Cmd: compileSnippet
  api=0 type=1 insize=3647 outsize=6 kw=DIRECTIONAL ok=1
Cmd: compileSnippet
  api=0 type=0 insize=5344 outsize=3130 kw=DIRECTIONAL ok=1
Cmd: compileSnippet
  api=0 type=1 insize=5344 outsize=6 kw=DIRECTIONAL ok=1
Cmd: compileSnippet
  api=0 type=0 insize=990 outsize=450 kw= ok=1
Cmd: compileSnippet
  api=0 type=1 insize=990 outsize=6 kw= ok=1
Cmd: compileSnippet
  api=0 type=0 insize=5239 outsize=3029 kw=DIRECTIONAL ok=1
Cmd: compileSnippet
  api=0 type=1 insize=5239 outsize=6 kw=DIRECTIONAL ok=1
Cmd: compileSnippet
  api=0 type=0 insize=577 outsize=1880 kw=SHADOWS_DEPTH ok=1
Cmd: compileSnippet
  api=0 type=1 insize=577 outsize=6 kw=SHADOWS_DEPTH ok=1
Cmd: compileSnippet
  api=0 type=0 insize=7080 outsize=3512 kw=DIRECTIONAL SHADOWS_OFF LIGHTMAP_OFF DIRLIGHTMAP_OFF DYNAMICLIGHTMAP_OFF ok=1
Cmd: compileSnippet
  api=0 type=1 insize=7080 outsize=6 kw=DIRECTIONAL SHADOWS_OFF LIGHTMAP_OFF DIRLIGHTMAP_OFF DYNAMICLIGHTMAP_OFF ok=1
Cmd: compileSnippet
  api=0 type=0 insize=6625 outsize=3934 kw=DIRECTIONAL ok=1
Cmd: compileSnippet
  api=0 type=1 insize=6625 outsize=6 kw=DIRECTIONAL ok=1
Cmd: compileSnippet
  api=0 type=0 insize=751 outsize=1880 kw=SHADOWS_DEPTH ok=1
Cmd: compileSnippet
  api=0 type=1 insize=751 outsize=6 kw=SHADOWS_DEPTH ok=1
Cmd: compileSnippet
  api=0 type=0 insize=982 outsize=9841 kw=DIRECTIONAL SHADOWS_OFF LIGHTMAP_OFF DIRLIGHTMAP_OFF DYNAMICLIGHTMAP_OFF ok=1
Cmd: compileSnippet
  api=0 type=1 insize=982 outsize=6 kw=DIRECTIONAL SHADOWS_OFF LIGHTMAP_OFF DIRLIGHTMAP_OFF DYNAMICLIGHTMAP_OFF ok=1
Cmd: compileSnippet
  api=0 type=0 insize=938 outsize=5712 kw=DIRECTIONAL SHADOWS_OFF ok=1
Cmd: compileSnippet
  api=0 type=1 insize=938 outsize=6 kw=DIRECTIONAL SHADOWS_OFF ok=1
